<?xml version="1.0" encoding="UTF-8"?>
<!-- Generated by org.testng.reporters.JUnitXMLReporter -->
<testsuite ignored="0" hostname="LAPTOP-P1BOEFGR" failures="0" tests="5" name="Default test" time="0.049" errors="0" timestamp="2022-08-20T23:46:41 EDT">
  <testcase classname="test.Test4" name="loginAPIHome" time="0.005"/>
  <testcase classname="test.Test4" name="loginAPIHome" time="0.002"/>
  <testcase classname="test.Test4" name="loginAPIHome" time="0.002"/>
  <testcase classname="test.Test4" name="mobileLoginHome" time="0.002"/>
  <testcase classname="test.Test4" name="webLoginHome" time="0.001"/>
</testsuite> <!-- Default test -->
