<?xml version="1.0" encoding="UTF-8"?>
<!-- Generated by org.testng.reporters.JUnitXMLReporter -->
<testsuite ignored="3" hostname="LAPTOP-P1BOEFGR" failures="0" tests="2" name="Car Loan" time="0.003" errors="0" timestamp="2022-08-21T00:07:21 EDT">
  <testcase classname="test.Test3" name="loginAPICar" time="0.001"/>
  <testcase classname="test.Test3" name="webLoginCar" time="0.001"/>
  <testcase classname="test.Test3" name="mobileCellCar" time="0.0">
    <ignored/>
  </testcase> <!-- mobileCellCar -->
  <testcase classname="test.Test3" name="mobileLoginCar" time="0.0">
    <ignored/>
  </testcase> <!-- mobileLoginCar -->
  <testcase classname="test.Test3" name="mobileCar" time="0.0">
    <ignored/>
  </testcase> <!-- mobileCar -->
</testsuite> <!-- Car Loan -->
