<?xml version="1.0" encoding="UTF-8"?>
<!-- Generated by org.testng.reporters.JUnitXMLReporter -->
<testsuite ignored="2" hostname="LAPTOP-P1BOEFGR" failures="1" tests="7" name="Personal Loan" time="0.073" errors="0" timestamp="2022-08-21T00:07:21 EDT">
  <testcase classname="test.Test1" name="demo" time="0.005"/>
  <testcase classname="test.Test1" name="demo2" time="0.004">
    <failure type="java.lang.AssertionError" message="expected [true] but found [false]">
      <![CDATA[java.lang.AssertionError: expected [true] but found [false]
at test.Test1.demo2(Test1.java:30)
at java.base/java.util.ArrayList.forEach(ArrayList.java:1511)
... Removed 31 stack frames]]>
    </failure>
  </testcase> <!-- demo2 -->
  <testcase classname="test.Test2" name="demoT1" time="0.001"/>
  <testcase classname="test.Test2" name="demoT2" time="0.001"/>
  <testcase classname="test.Test4" name="loginAPIHome" time="0.001"/>
  <testcase classname="test.Test4" name="loginAPIHome" time="0.001"/>
  <testcase classname="test.Test4" name="loginAPIHome" time="0.002"/>
  <testcase classname="test.Test4" name="webLoginHome" time="0.0">
    <ignored/>
  </testcase> <!-- webLoginHome -->
  <testcase classname="test.Test4" name="mobileLoginHome" time="0.0">
    <ignored/>
  </testcase> <!-- mobileLoginHome -->
</testsuite> <!-- Personal Loan -->
