<?xml version="1.0" encoding="UTF-8"?>
<!-- Generated by org.testng.reporters.JUnitXMLReporter -->
<testsuite ignored="9" hostname="LAPTOP-P1BOEFGR" failures="0" tests="3" name="Smoke Test" time="0.058" errors="0" timestamp="2022-08-20T23:09:41 EDT">
  <testcase classname="test.Test1" name="demo" time="0.006"/>
  <testcase classname="test.Test2" name="demoT1" time="0.002"/>
  <testcase classname="test.Test3" name="mobileCar" time="0.001"/>
  <testcase classname="test.Test3" name="webLoginCar" time="0.0">
    <ignored/>
  </testcase> <!-- webLoginCar -->
  <testcase classname="test.Test4" name="webLoginHome" time="0.0">
    <ignored/>
  </testcase> <!-- webLoginHome -->
  <testcase classname="test.Test4" name="loginAPIHome" time="0.0">
    <ignored/>
  </testcase> <!-- loginAPIHome -->
  <testcase classname="test.Test3" name="loginAPICar" time="0.0">
    <ignored/>
  </testcase> <!-- loginAPICar -->
  <testcase classname="test.Test4" name="mobileLoginHome" time="0.0">
    <ignored/>
  </testcase> <!-- mobileLoginHome -->
  <testcase classname="test.Test1" name="demo2" time="0.0">
    <ignored/>
  </testcase> <!-- demo2 -->
  <testcase classname="test.Test3" name="mobileCellCar" time="0.0">
    <ignored/>
  </testcase> <!-- mobileCellCar -->
  <testcase classname="test.Test3" name="mobileLoginCar" time="0.0">
    <ignored/>
  </testcase> <!-- mobileLoginCar -->
  <testcase classname="test.Test2" name="demoT2" time="0.0">
    <ignored/>
  </testcase> <!-- demoT2 -->
</testsuite> <!-- Smoke Test -->
